<?xml version="1.0" encoding="UTF-8"?>
<!-- Generated by org.testng.reporters.JUnitReportReporter -->
<testsuite hostname="Akash-PC" name="Hrms.Application.Login" tests="1" failures="0" timestamp="7 Nov 2019 12:10:00 GMT" time="39.818" errors="0">
  <testcase name="login" time="39.818" classname="Hrms.Application.Login"/>
</testsuite> <!-- Hrms.Application.Login -->
