<?xml version="1.0" encoding="UTF-8"?>
<!-- Generated by org.testng.reporters.JUnitReportReporter -->
<testsuite hostname="Akash-PC" name="PageObject.LoginApplication" tests="2" failures="0" timestamp="8 Nov 2019 06:10:46 GMT" time="14.858" errors="0">
  <testcase name="testcase2" time="1.409" classname="PageObject.LoginApplication"/>
  <testcase name="testcase1" time="13.449" classname="PageObject.LoginApplication"/>
</testsuite> <!-- PageObject.LoginApplication -->
