<?xml version="1.0" encoding="UTF-8"?>
<!-- Generated by org.testng.reporters.JUnitReportReporter -->
<testsuite hostname="Akash-PC" name="Hrms.Application.CallingData" tests="2" failures="0" timestamp="9 Nov 2019 03:24:06 GMT" time="65.059" errors="0">
  <testcase name="testcase1" time="23.050" classname="Hrms.Application.CallingData"/>
  <testcase name="testcase2" time="42.009" classname="Hrms.Application.CallingData"/>
</testsuite> <!-- Hrms.Application.CallingData -->
